loading dataset...
dataset loaded!
sampling dataset...
dataset sampled!
FULL Dataset: (287580, 2)
TRAIN Dataset: (230064, 2)
TEST Dataset: (57516, 2)
Starting Training!
Epoch: 1, Loss:  0.6924066543579102
Epoch: 1, Loss:  0.10102612525224686
Epoch: 1, Loss:  0.09461921453475952
Epoch: 1, Loss:  0.05748014152050018
Epoch: 1, Loss:  0.10895399749279022
Epoch: 1, Loss:  0.05478628724813461
Epoch: 1, Loss:  0.062196843326091766
Epoch: 1, Loss:  0.1263626664876938
Epoch: 1, Loss:  0.07191697508096695
Epoch: 1, Loss:  0.11039764434099197
Epoch: 1, Loss:  0.06644340604543686
Epoch: 1, Loss:  0.04452771320939064
Epoch: 1, Loss:  0.053719278424978256
Epoch: 1, Loss:  0.04160020127892494
Epoch: 1, Loss:  0.06952563673257828
Epoch: 1, Loss:  0.03705819323658943
Epoch: 1, Loss:  0.06450449675321579
Epoch: 1, Loss:  0.04685380309820175
Epoch: 1, Loss:  0.06584984064102173
Epoch: 1, Loss:  0.04744167998433113
Epoch: 1, Loss:  0.10853619873523712
Epoch: 1, Loss:  0.0569857694208622
Epoch: 1, Loss:  0.06733212620019913
Epoch: 1, Loss:  0.07666929066181183
Epoch: 1, Loss:  0.052737366408109665
Epoch: 1, Loss:  0.02791854552924633
Epoch: 1, Loss:  0.03633308783173561
Epoch: 1, Loss:  0.05134574696421623
Epoch: 1, Loss:  0.07083436846733093
Epoch: 1, Loss:  0.044957540929317474
Epoch: 1, Loss:  0.05669083446264267
Epoch: 1, Loss:  0.051167137920856476
Epoch: 1, Loss:  0.034410327672958374
Epoch: 1, Loss:  0.046913206577301025
Epoch: 1, Loss:  0.07192084193229675
Epoch: 1, Loss:  0.06275934725999832
Epoch: 1, Loss:  0.06973867863416672
Epoch: 1, Loss:  0.07179702818393707
Epoch: 1, Loss:  0.048702873289585114
Epoch: 1, Loss:  0.06177861616015434
Epoch: 1, Loss:  0.07081903517246246
Epoch: 1, Loss:  0.040932994335889816
Epoch: 1, Loss:  0.056912705302238464
Epoch: 1, Loss:  0.03296182304620743
Epoch: 1, Loss:  0.025718223303556442
Epoch: 1, Loss:  0.09997327625751495
Epoch: 1, Loss:  0.05485609173774719
Epoch: 1, Loss:  0.05128846317529678
Epoch: 1, Loss:  0.04943854361772537
Epoch: 1, Loss:  0.059353236109018326
Epoch: 1, Loss:  0.046521227806806564
Epoch: 1, Loss:  0.038064271211624146
Epoch: 1, Loss:  0.0401872880756855
Epoch: 1, Loss:  0.04280337691307068
Epoch: 1, Loss:  0.038655512034893036
Epoch: 1, Loss:  0.06358473002910614
Epoch: 1, Loss:  0.04494772106409073
Epoch: 1, Loss:  0.036077145487070084
Hamming Score = 0.1760162219764765
Accuracy Score = 0.08477641004242298
F1 Score (Micro) = 0.24631077543156688
F1 Score (Macro) = 0.10133343687587443
Hamming Loss = 0.017881560025933878

[tune-metric]: {"epoch": 1, "val_acc": 0.24631077543156688, "st_worker_timestamp": 1667898691.539876, "st_worker_time": 2232.690370513941, "st_worker_iter": 0}
Epoch: 2, Loss:  0.06320951879024506
Epoch: 2, Loss:  0.04531456530094147
Epoch: 2, Loss:  0.06985089927911758
Epoch: 2, Loss:  0.061961397528648376
Epoch: 2, Loss:  0.048334844410419464
Epoch: 2, Loss:  0.05667600780725479
Epoch: 2, Loss:  0.041339997202157974
Epoch: 2, Loss:  0.06599707156419754
Epoch: 2, Loss:  0.06606785953044891
Epoch: 2, Loss:  0.02503969520330429
Epoch: 2, Loss:  0.0407525934278965
Epoch: 2, Loss:  0.05941358953714371
Epoch: 2, Loss:  0.056484971195459366
Epoch: 2, Loss:  0.04953145235776901
Epoch: 2, Loss:  0.08301544934511185
Epoch: 2, Loss:  0.053340885788202286
Epoch: 2, Loss:  0.03480328992009163
Epoch: 2, Loss:  0.045953333377838135
Epoch: 2, Loss:  0.07270875573158264
Epoch: 2, Loss:  0.06469260156154633
Epoch: 2, Loss:  0.03234105557203293
Epoch: 2, Loss:  0.05815296620130539
Epoch: 2, Loss:  0.04170176014304161
Epoch: 2, Loss:  0.05030231550335884
Epoch: 2, Loss:  0.0723794475197792
Epoch: 2, Loss:  0.0576317124068737
Epoch: 2, Loss:  0.04469836503267288
Epoch: 2, Loss:  0.09924176335334778
Epoch: 2, Loss:  0.04349794611334801
Epoch: 2, Loss:  0.031805381178855896
Epoch: 2, Loss:  0.07324787974357605
Epoch: 2, Loss:  0.05759928748011589
Epoch: 2, Loss:  0.04302675276994705
Epoch: 2, Loss:  0.07093282788991928
Epoch: 2, Loss:  0.04266831651329994
Epoch: 2, Loss:  0.060065943747758865
Epoch: 2, Loss:  0.03546210378408432
Epoch: 2, Loss:  0.07275442779064178
Epoch: 2, Loss:  0.055268384516239166
Epoch: 2, Loss:  0.052643999457359314
Epoch: 2, Loss:  0.04581841081380844
Epoch: 2, Loss:  0.037840794771909714
Epoch: 2, Loss:  0.06421707570552826
Epoch: 2, Loss:  0.056956518441438675
Epoch: 2, Loss:  0.07569374144077301
Epoch: 2, Loss:  0.07918515056371689
Epoch: 2, Loss:  0.04634331911802292
Epoch: 2, Loss:  0.03760956972837448
Epoch: 2, Loss:  0.0301734060049057
Epoch: 2, Loss:  0.06798950582742691
Epoch: 2, Loss:  0.08460891991853714
Epoch: 2, Loss:  0.0403377041220665
Epoch: 2, Loss:  0.023091861978173256
Epoch: 2, Loss:  0.0423959381878376
Epoch: 2, Loss:  0.06154599413275719
Epoch: 2, Loss:  0.030152510851621628
Epoch: 2, Loss:  0.0342809222638607
Epoch: 2, Loss:  0.020981520414352417
Hamming Score = 0.22305976626861249
Accuracy Score = 0.10358856665971208
F1 Score (Micro) = 0.3090534775001518
F1 Score (Macro) = 0.17247755264919304
Hamming Loss = 0.017552619299202016

[tune-metric]: {"epoch": 2, "val_acc": 0.3090534775001518, "st_worker_timestamp": 1667900816.9459262, "st_worker_time": 4358.096417222987, "st_worker_iter": 1}
Epoch: 3, Loss:  0.07119464129209518
Epoch: 3, Loss:  0.07077588886022568
Epoch: 3, Loss:  0.03388483449816704
Epoch: 3, Loss:  0.04358966648578644
Epoch: 3, Loss:  0.04848392307758331
Epoch: 3, Loss:  0.04314573109149933
Epoch: 3, Loss:  0.04576636105775833
Epoch: 3, Loss:  0.05585324764251709
Epoch: 3, Loss:  0.04417874664068222
Epoch: 3, Loss:  0.04571852087974548
Epoch: 3, Loss:  0.0398966409265995
Epoch: 3, Loss:  0.0510505773127079
Epoch: 3, Loss:  0.06586411595344543
Epoch: 3, Loss:  0.05889987200498581
Epoch: 3, Loss:  0.04777003079652786
Epoch: 3, Loss:  0.05929659679532051
Epoch: 3, Loss:  0.039233095943927765
Epoch: 3, Loss:  0.051921263337135315
Epoch: 3, Loss:  0.03917904570698738
Epoch: 3, Loss:  0.07561836391687393
Epoch: 3, Loss:  0.05257581174373627
Epoch: 3, Loss:  0.07023128122091293
Epoch: 3, Loss:  0.028126096352934837
Epoch: 3, Loss:  0.050209034234285355
Epoch: 3, Loss:  0.06125377491116524
Epoch: 3, Loss:  0.03781754523515701
Epoch: 3, Loss:  0.040175437927246094
Epoch: 3, Loss:  0.04323331639170647
Epoch: 3, Loss:  0.060000427067279816
Epoch: 3, Loss:  0.03675466030836105
Epoch: 3, Loss:  0.044392168521881104
Epoch: 3, Loss:  0.03605423867702484
Epoch: 3, Loss:  0.05821360647678375
Epoch: 3, Loss:  0.0368465892970562
Epoch: 3, Loss:  0.055642809718847275
Epoch: 3, Loss:  0.054766491055488586
Epoch: 3, Loss:  0.07097779214382172
Epoch: 3, Loss:  0.07551227509975433
Epoch: 3, Loss:  0.04894044250249863
Epoch: 3, Loss:  0.06764451414346695
Epoch: 3, Loss:  0.036888837814331055
Epoch: 3, Loss:  0.05350112169981003
Epoch: 3, Loss:  0.01997608132660389
Epoch: 3, Loss:  0.04424230009317398
Epoch: 3, Loss:  0.057488564401865005
Epoch: 3, Loss:  0.055712420493364334
Epoch: 3, Loss:  0.05941346660256386
Epoch: 3, Loss:  0.024652661755681038
Epoch: 3, Loss:  0.0630275309085846
Epoch: 3, Loss:  0.062469013035297394
Epoch: 3, Loss:  0.07887303829193115
Epoch: 3, Loss:  0.05566345155239105
Epoch: 3, Loss:  0.049429647624492645
Epoch: 3, Loss:  0.04537373036146164
Epoch: 3, Loss:  0.0445462130010128
Epoch: 3, Loss:  0.02778380922973156
Epoch: 3, Loss:  0.043512873351573944
Epoch: 3, Loss:  0.045769695192575455
Hamming Score = 0.2602959155444551
Accuracy Score = 0.12459141804019751
F1 Score (Micro) = 0.3529732993777731
F1 Score (Macro) = 0.21399866086865177
Hamming Loss = 0.017277520532855934

[tune-metric]: {"epoch": 3, "val_acc": 0.3529732993777731, "st_worker_timestamp": 1667902949.7124991, "st_worker_time": 6490.862992614857, "st_worker_iter": 2}
