loading dataset...
dataset loaded!
sampling dataset...
dataset sampled!
FULL Dataset: (287580, 2)
TRAIN Dataset: (230064, 2)
TEST Dataset: (57516, 2)
Starting Training!
Epoch: 1, Loss:  0.6956123113632202
Epoch: 1, Loss:  0.09744765609502792
Epoch: 1, Loss:  0.05130070075392723
Epoch: 1, Loss:  0.07658516615629196
Epoch: 1, Loss:  0.06301593780517578
Epoch: 1, Loss:  0.07240882515907288
Epoch: 1, Loss:  0.04947919771075249
Epoch: 1, Loss:  0.057080864906311035
Epoch: 1, Loss:  0.042427532374858856
Epoch: 1, Loss:  0.05690460652112961
Epoch: 1, Loss:  0.06879289448261261
Epoch: 1, Loss:  0.04411952570080757
Epoch: 1, Loss:  0.06423535943031311
Epoch: 1, Loss:  0.06571777909994125
Epoch: 1, Loss:  0.05588342249393463
Hamming Score = 0.18553647710751822
Accuracy Score = 0.0909833785381459
F1 Score (Micro) = 0.2552110998908456
F1 Score (Macro) = 0.11063126037437476
Hamming Loss = 0.017890533685998175

[tune-metric]: {"epoch": 1, "val_acc": 0.2552110998908456, "st_worker_timestamp": 1667790994.1850145, "st_worker_time": 1102.9948132510763, "st_worker_iter": 0}
Epoch: 2, Loss:  0.06962308287620544
Epoch: 2, Loss:  0.055719044059515
Epoch: 2, Loss:  0.04727884382009506
Epoch: 2, Loss:  0.03950931131839752
Epoch: 2, Loss:  0.06086229160428047
Epoch: 2, Loss:  0.037967365235090256
Epoch: 2, Loss:  0.07340867072343826
Epoch: 2, Loss:  0.0413883812725544
Epoch: 2, Loss:  0.05317450687289238
Epoch: 2, Loss:  0.0651736781001091
Epoch: 2, Loss:  0.043194547295570374
Epoch: 2, Loss:  0.08252817392349243
Epoch: 2, Loss:  0.049026455730199814
Epoch: 2, Loss:  0.05503499507904053
Epoch: 2, Loss:  0.06753668934106827
Hamming Score = 0.24287859547743754
Accuracy Score = 0.11269907503998887
F1 Score (Micro) = 0.3334797420350096
F1 Score (Macro) = 0.19333053088737426
Hamming Loss = 0.01744731900688504

[tune-metric]: {"epoch": 2, "val_acc": 0.3334797420350096, "st_worker_timestamp": 1667791983.3594458, "st_worker_time": 2092.16923973104, "st_worker_iter": 1}
Epoch: 3, Loss:  0.05929155647754669
Epoch: 3, Loss:  0.05053413286805153
Epoch: 3, Loss:  0.049157094210386276
Epoch: 3, Loss:  0.034864332526922226
Epoch: 3, Loss:  0.04903993755578995
Epoch: 3, Loss:  0.05870271846652031
Epoch: 3, Loss:  0.04060183838009834
Epoch: 3, Loss:  0.06411544233560562
Epoch: 3, Loss:  0.05334828794002533
Epoch: 3, Loss:  0.04385039582848549
Epoch: 3, Loss:  0.04366188868880272
Epoch: 3, Loss:  0.05320616438984871
Epoch: 3, Loss:  0.04063845053315163
Epoch: 3, Loss:  0.037305206060409546
Epoch: 3, Loss:  0.031689587980508804
Hamming Score = 0.29237245549576024
Accuracy Score = 0.13462340913832674
F1 Score (Micro) = 0.3856073889314202
F1 Score (Macro) = 0.24574531282835638
Hamming Loss = 0.01744157025590635

[tune-metric]: {"epoch": 3, "val_acc": 0.3856073889314202, "st_worker_timestamp": 1667792971.5303957, "st_worker_time": 3080.3401987710968, "st_worker_iter": 2}
Epoch: 4, Loss:  0.04229409247636795
Epoch: 4, Loss:  0.03616488352417946
Epoch: 4, Loss:  0.046025510877370834
Epoch: 4, Loss:  0.0459609180688858
Epoch: 4, Loss:  0.04084160178899765
Epoch: 4, Loss:  0.0310700424015522
Epoch: 4, Loss:  0.0320415161550045
Epoch: 4, Loss:  0.053749822080135345
Epoch: 4, Loss:  0.03478650748729706
Epoch: 4, Loss:  0.0407690666615963
Epoch: 4, Loss:  0.054537978023290634
Epoch: 4, Loss:  0.04106718301773071
Epoch: 4, Loss:  0.051699258387088776
Epoch: 4, Loss:  0.03941381722688675
Epoch: 4, Loss:  0.04401512071490288
Hamming Score = 0.3064872030068671
Accuracy Score = 0.14032617010918702
F1 Score (Micro) = 0.4012455901392385
F1 Score (Macro) = 0.27532294425263637
Hamming Loss = 0.017443252817168405

[tune-metric]: {"epoch": 4, "val_acc": 0.4012455901392385, "st_worker_timestamp": 1667793958.3098042, "st_worker_time": 4067.119597310084, "st_worker_iter": 3}
Epoch: 5, Loss:  0.03793533146381378
Epoch: 5, Loss:  0.036182038486003876
Epoch: 5, Loss:  0.04800087586045265
Epoch: 5, Loss:  0.04530312493443489
Epoch: 5, Loss:  0.03261236101388931
Epoch: 5, Loss:  0.031776536256074905
Epoch: 5, Loss:  0.03538907691836357
Epoch: 5, Loss:  0.03873881697654724
Epoch: 5, Loss:  0.041626304388046265
Epoch: 5, Loss:  0.04433341324329376
Epoch: 5, Loss:  0.02954927645623684
Epoch: 5, Loss:  0.042468536645174026
Epoch: 5, Loss:  0.046031251549720764
Epoch: 5, Loss:  0.04179692268371582
Epoch: 5, Loss:  0.0362367145717144
Hamming Score = 0.31740576836289336
Accuracy Score = 0.13940468739133458
F1 Score (Micro) = 0.4149517780827829
F1 Score (Macro) = 0.3017226777417125
Hamming Loss = 0.017870342950853508

[tune-metric]: {"epoch": 5, "val_acc": 0.4149517780827829, "st_worker_timestamp": 1667794946.5971897, "st_worker_time": 5055.406983327004, "st_worker_iter": 4}
Epoch: 6, Loss:  0.02885337360203266
Epoch: 6, Loss:  0.03533867001533508
Epoch: 6, Loss:  0.02836105227470398
Epoch: 6, Loss:  0.0312589593231678
Epoch: 6, Loss:  0.03366997838020325
Epoch: 6, Loss:  0.045395627617836
Epoch: 6, Loss:  0.03814920783042908
Epoch: 6, Loss:  0.034485992044210434
Epoch: 6, Loss:  0.03897055983543396
Epoch: 6, Loss:  0.03838164731860161
Epoch: 6, Loss:  0.03396326303482056
Epoch: 6, Loss:  0.04423309117555618
Epoch: 6, Loss:  0.03864343836903572
Epoch: 6, Loss:  0.030797937884926796
Epoch: 6, Loss:  0.046775978058576584
Hamming Score = 0.3245982063658884
Accuracy Score = 0.1359795535155435
F1 Score (Micro) = 0.42407114953037983
F1 Score (Macro) = 0.3284852710521174
Hamming Loss = 0.01845923939257295

[tune-metric]: {"epoch": 6, "val_acc": 0.42407114953037983, "st_worker_timestamp": 1667795932.013025, "st_worker_time": 6040.822824364062, "st_worker_iter": 5}
Epoch: 7, Loss:  0.04247704893350601
Epoch: 7, Loss:  0.029534345492720604
Epoch: 7, Loss:  0.02558308094739914
Epoch: 7, Loss:  0.033061470836400986
Epoch: 7, Loss:  0.03734771907329559
Epoch: 7, Loss:  0.02497507631778717
Epoch: 7, Loss:  0.02951279655098915
Epoch: 7, Loss:  0.030042564496397972
Epoch: 7, Loss:  0.03572510927915573
Epoch: 7, Loss:  0.03893345594406128
Epoch: 7, Loss:  0.028086591511964798
Epoch: 7, Loss:  0.025723611935973167
Epoch: 7, Loss:  0.02213788777589798
Epoch: 7, Loss:  0.03909451141953468
Epoch: 7, Loss:  0.034419212490320206
Hamming Score = 0.3243071047342902
Accuracy Score = 0.13823979414423812
F1 Score (Micro) = 0.42248674461884195
F1 Score (Macro) = 0.32580207856858445
Hamming Loss = 0.018448723384685103

[tune-metric]: {"epoch": 7, "val_acc": 0.42248674461884195, "st_worker_timestamp": 1667796920.7450664, "st_worker_time": 7029.554861059994, "st_worker_iter": 6}
Epoch: 8, Loss:  0.03992408141493797
Epoch: 8, Loss:  0.0338158905506134
Epoch: 8, Loss:  0.04276767373085022
Epoch: 8, Loss:  0.03279236704111099
Epoch: 8, Loss:  0.03037296235561371
Epoch: 8, Loss:  0.03508024662733078
Epoch: 8, Loss:  0.026908639818429947
Epoch: 8, Loss:  0.036203693598508835
Epoch: 8, Loss:  0.025525372475385666
Epoch: 8, Loss:  0.039493806660175323
Epoch: 8, Loss:  0.04392586648464203
Epoch: 8, Loss:  0.033519353717565536
Epoch: 8, Loss:  0.029973424971103668
Epoch: 8, Loss:  0.02046641893684864
Epoch: 8, Loss:  0.02162032760679722
Hamming Score = 0.32006078121637277
Accuracy Score = 0.13471034147019958
F1 Score (Micro) = 0.4177897339462321
F1 Score (Macro) = 0.33009972693422246
Hamming Loss = 0.01875354739999417

[tune-metric]: {"epoch": 8, "val_acc": 0.4177897339462321, "st_worker_timestamp": 1667797909.9854956, "st_worker_time": 8018.7952893170295, "st_worker_iter": 7}
