loading dataset...
dataset loaded!
sampling dataset...
dataset sampled!
FULL Dataset: (287580, 2)
TRAIN Dataset: (230064, 2)
TEST Dataset: (57516, 2)
Starting Training!
Epoch: 1, Loss:  0.7421016097068787
Epoch: 1, Loss:  0.042143505066633224
Epoch: 1, Loss:  0.08397176116704941
Epoch: 1, Loss:  0.17687465250492096
Epoch: 1, Loss:  0.07489079236984253
Epoch: 1, Loss:  0.06745481491088867
Epoch: 1, Loss:  0.08700473606586456
Epoch: 1, Loss:  0.05278594046831131
Epoch: 1, Loss:  0.08890234678983688
Epoch: 1, Loss:  0.07658397406339645
Epoch: 1, Loss:  0.07195150852203369
Epoch: 1, Loss:  0.04317224398255348
Epoch: 1, Loss:  0.06678701192140579
Epoch: 1, Loss:  0.04735912010073662
Epoch: 1, Loss:  0.07337427139282227
Epoch: 1, Loss:  0.08816840499639511
Epoch: 1, Loss:  0.04629940167069435
Epoch: 1, Loss:  0.08447372913360596
Epoch: 1, Loss:  0.060157205909490585
Epoch: 1, Loss:  0.09602484107017517
Epoch: 1, Loss:  0.05550888925790787
Epoch: 1, Loss:  0.05450562387704849
Epoch: 1, Loss:  0.06137019395828247
Epoch: 1, Loss:  0.05413146689534187
Epoch: 1, Loss:  0.06773734092712402
Epoch: 1, Loss:  0.05211759731173515
Epoch: 1, Loss:  0.031913816928863525
Epoch: 1, Loss:  0.058522436767816544
Epoch: 1, Loss:  0.060192860662937164
Epoch: 1, Loss:  0.054182086139917374
Epoch: 1, Loss:  0.11172179132699966
Epoch: 1, Loss:  0.09969426691532135
Epoch: 1, Loss:  0.05431078001856804
Epoch: 1, Loss:  0.07970694452524185
Epoch: 1, Loss:  0.05612073838710785
Epoch: 1, Loss:  0.061104509979486465
Epoch: 1, Loss:  0.05360989645123482
Epoch: 1, Loss:  0.10194648802280426
Epoch: 1, Loss:  0.0960700735449791
Epoch: 1, Loss:  0.054251693189144135
Epoch: 1, Loss:  0.06531796604394913
Epoch: 1, Loss:  0.044835880398750305
Epoch: 1, Loss:  0.04492083564400673
Epoch: 1, Loss:  0.059919323772192
Epoch: 1, Loss:  0.06038971617817879
Epoch: 1, Loss:  0.06628657132387161
Epoch: 1, Loss:  0.053099844604730606
Epoch: 1, Loss:  0.08200334757566452
Epoch: 1, Loss:  0.05724109336733818
Epoch: 1, Loss:  0.0721914991736412
Epoch: 1, Loss:  0.06788355857133865
Epoch: 1, Loss:  0.054101891815662384
Epoch: 1, Loss:  0.04844390228390694
Epoch: 1, Loss:  0.05700666457414627
Epoch: 1, Loss:  0.06055791676044464
Epoch: 1, Loss:  0.06165634095668793
Epoch: 1, Loss:  0.06096693500876427
Epoch: 1, Loss:  0.04430028423666954
Hamming Score = 0.130960696166465
Accuracy Score = 0.06532095416927464
F1 Score (Micro) = 0.18462274002591816
F1 Score (Macro) = 0.0696451581116395
Hamming Loss = 0.01817362461833902

[tune-metric]: {"epoch": 1, "val_acc": 0.18462274002591816, "st_worker_timestamp": 1667634227.4738562, "st_worker_time": 4736.319841939025, "st_worker_iter": 0}
Epoch: 2, Loss:  0.07627058029174805
Epoch: 2, Loss:  0.05495911091566086
Epoch: 2, Loss:  0.04904753714799881
Epoch: 2, Loss:  0.049918681383132935
Epoch: 2, Loss:  0.04727517440915108
Epoch: 2, Loss:  0.04365875571966171
Epoch: 2, Loss:  0.0874241515994072
Epoch: 2, Loss:  0.06000695377588272
Epoch: 2, Loss:  0.07888366281986237
Epoch: 2, Loss:  0.04917892813682556
Epoch: 2, Loss:  0.0373065322637558
Epoch: 2, Loss:  0.05028519034385681
Epoch: 2, Loss:  0.04368501529097557
Epoch: 2, Loss:  0.04744557663798332
Epoch: 2, Loss:  0.05922233313322067
Epoch: 2, Loss:  0.037757452577352524
Epoch: 2, Loss:  0.032917991280555725
Epoch: 2, Loss:  0.05885903164744377
Epoch: 2, Loss:  0.04762193188071251
Epoch: 2, Loss:  0.048882391303777695
Epoch: 2, Loss:  0.07450371235609055
Epoch: 2, Loss:  0.07256551831960678
Epoch: 2, Loss:  0.03701387345790863
Epoch: 2, Loss:  0.06627251952886581
Epoch: 2, Loss:  0.044755253940820694
Epoch: 2, Loss:  0.08766461908817291
Epoch: 2, Loss:  0.07166726142168045
Epoch: 2, Loss:  0.05413538217544556
Epoch: 2, Loss:  0.07003547251224518
Epoch: 2, Loss:  0.05365012213587761
Epoch: 2, Loss:  0.07342967391014099
Epoch: 2, Loss:  0.0648934468626976
Epoch: 2, Loss:  0.09022384881973267
Epoch: 2, Loss:  0.04027317464351654
Epoch: 2, Loss:  0.049609798938035965
Epoch: 2, Loss:  0.06487728655338287
Epoch: 2, Loss:  0.05203145369887352
Epoch: 2, Loss:  0.031181568279862404
Epoch: 2, Loss:  0.044503409415483475
Epoch: 2, Loss:  0.08776532113552094
Epoch: 2, Loss:  0.05626155063509941
Epoch: 2, Loss:  0.03334413841366768
Epoch: 2, Loss:  0.0623386949300766
Epoch: 2, Loss:  0.057802606374025345
Epoch: 2, Loss:  0.0704716369509697
Epoch: 2, Loss:  0.0648244246840477
Epoch: 2, Loss:  0.05429577827453613
Epoch: 2, Loss:  0.05822683125734329
Epoch: 2, Loss:  0.05566749349236488
Epoch: 2, Loss:  0.07012913376092911
Epoch: 2, Loss:  0.03345930576324463
Epoch: 2, Loss:  0.06323979794979095
Epoch: 2, Loss:  0.05616350099444389
Epoch: 2, Loss:  0.04296817258000374
Epoch: 2, Loss:  0.043332744389772415
Epoch: 2, Loss:  0.08083164691925049
Epoch: 2, Loss:  0.034905657172203064
Epoch: 2, Loss:  0.029444338753819466
Hamming Score = 0.22701988368324694
Accuracy Score = 0.10718756519924891
F1 Score (Micro) = 0.30974794688100643
F1 Score (Macro) = 0.15420546157751866
Hamming Loss = 0.017724380761370187

[tune-metric]: {"epoch": 2, "val_acc": 0.30974794688100643, "st_worker_timestamp": 1667638853.611016, "st_worker_time": 9362.457000403083, "st_worker_iter": 1}
Epoch: 3, Loss:  0.02890946716070175
Epoch: 3, Loss:  0.05794477462768555
Epoch: 3, Loss:  0.05222221091389656
Epoch: 3, Loss:  0.07086181640625
Epoch: 3, Loss:  0.08430693298578262
Epoch: 3, Loss:  0.06057007610797882
Epoch: 3, Loss:  0.09267938137054443
Epoch: 3, Loss:  0.024714568629860878
Epoch: 3, Loss:  0.04910355061292648
Epoch: 3, Loss:  0.05600083991885185
Epoch: 3, Loss:  0.060121215879917145
Epoch: 3, Loss:  0.02104981429874897
Epoch: 3, Loss:  0.03690585494041443
Epoch: 3, Loss:  0.04946843162178993
Epoch: 3, Loss:  0.06238972395658493
Epoch: 3, Loss:  0.03153642266988754
Epoch: 3, Loss:  0.03479912132024765
Epoch: 3, Loss:  0.0632711723446846
Epoch: 3, Loss:  0.03614547476172447
Epoch: 3, Loss:  0.07258006930351257
Epoch: 3, Loss:  0.04544393718242645
Epoch: 3, Loss:  0.03641166538000107
Epoch: 3, Loss:  0.02959628589451313
Epoch: 3, Loss:  0.031652580946683884
Epoch: 3, Loss:  0.06017925217747688
Epoch: 3, Loss:  0.046861108392477036
Epoch: 3, Loss:  0.039587318897247314
Epoch: 3, Loss:  0.07706467062234879
Epoch: 3, Loss:  0.03969528526067734
Epoch: 3, Loss:  0.05647803843021393
Epoch: 3, Loss:  0.05606711283326149
Epoch: 3, Loss:  0.055937908589839935
Epoch: 3, Loss:  0.04140333831310272
Epoch: 3, Loss:  0.04825030639767647
Epoch: 3, Loss:  0.0553278774023056
Epoch: 3, Loss:  0.035487644374370575
Epoch: 3, Loss:  0.026907719671726227
Epoch: 3, Loss:  0.04558359086513519
Epoch: 3, Loss:  0.055854279547929764
Epoch: 3, Loss:  0.027226127684116364
Epoch: 3, Loss:  0.03828754276037216
Epoch: 3, Loss:  0.07891518622636795
Epoch: 3, Loss:  0.04416491091251373
Epoch: 3, Loss:  0.018039125949144363
Epoch: 3, Loss:  0.04482642188668251
Epoch: 3, Loss:  0.06862738728523254
Epoch: 3, Loss:  0.09123838692903519
Epoch: 3, Loss:  0.04181946441531181
Epoch: 3, Loss:  0.027307795360684395
Epoch: 3, Loss:  0.11191816627979279
Epoch: 3, Loss:  0.07225292921066284
Epoch: 3, Loss:  0.043251726776361465
Epoch: 3, Loss:  0.03978562727570534
Epoch: 3, Loss:  0.043834321200847626
Epoch: 3, Loss:  0.04483203589916229
Epoch: 3, Loss:  0.06914166361093521
Epoch: 3, Loss:  0.06615043431520462
Epoch: 3, Loss:  0.05378082022070885
Hamming Score = 0.2602638604894498
Accuracy Score = 0.12478266917031783
F1 Score (Micro) = 0.34493313068310305
F1 Score (Macro) = 0.20167891935321608
Hamming Loss = 0.017464845686698118

[tune-metric]: {"epoch": 3, "val_acc": 0.34493313068310305, "st_worker_timestamp": 1667643479.3263428, "st_worker_time": 13988.172332704999, "st_worker_iter": 2}
