loading dataset...
dataset loaded!
sampling dataset...
dataset sampled!
FULL Dataset: (287580, 2)
TRAIN Dataset: (230064, 2)
TEST Dataset: (57516, 2)
Starting Training!
Epoch: 1, Loss:  0.719271183013916
Epoch: 1, Loss:  0.09599222987890244
Epoch: 1, Loss:  0.06527992337942123
Epoch: 1, Loss:  0.06343569606542587
Epoch: 1, Loss:  0.06192868575453758
Epoch: 1, Loss:  0.06181787699460983
Epoch: 1, Loss:  0.0550888329744339
Epoch: 1, Loss:  0.058531466871500015
Epoch: 1, Loss:  0.06169865280389786
Epoch: 1, Loss:  0.06398692727088928
Epoch: 1, Loss:  0.057951297610998154
Epoch: 1, Loss:  0.06627046316862106
Epoch: 1, Loss:  0.05908279865980148
Epoch: 1, Loss:  0.056286487728357315
Hamming Score = 0.19547727595792483
Accuracy Score = 0.09207872591974407
F1 Score (Micro) = 0.2719053098799934
F1 Score (Macro) = 0.10750834056023578
Hamming Loss = 0.01800915425497309

[tune-metric]: {"epoch": 1, "val_acc": 0.2719053098799934, "st_worker_timestamp": 1667734454.4107933, "st_worker_time": 2985.1086380659835, "st_worker_iter": 0}
Epoch: 2, Loss:  0.046114999800920486
Epoch: 2, Loss:  0.057900238782167435
Epoch: 2, Loss:  0.05328135937452316
Epoch: 2, Loss:  0.04107249155640602
Epoch: 2, Loss:  0.06761770695447922
Epoch: 2, Loss:  0.06914589554071426
Epoch: 2, Loss:  0.04783755913376808
Epoch: 2, Loss:  0.04516668990254402
Epoch: 2, Loss:  0.059365417808294296
Epoch: 2, Loss:  0.056441597640514374
Epoch: 2, Loss:  0.05633788928389549
Epoch: 2, Loss:  0.057672321796417236
Epoch: 2, Loss:  0.0333077497780323
Epoch: 2, Loss:  0.05104195326566696
Hamming Score = 0.2657991335711448
Accuracy Score = 0.1266604075387718
F1 Score (Micro) = 0.3521629665924741
F1 Score (Macro) = 0.1794917608072959
Hamming Loss = 0.01742614677767084

[tune-metric]: {"epoch": 2, "val_acc": 0.3521629665924741, "st_worker_timestamp": 1667737335.3908083, "st_worker_time": 5866.088652778999, "st_worker_iter": 1}
Epoch: 3, Loss:  0.04269097000360489
Epoch: 3, Loss:  0.043991897255182266
Epoch: 3, Loss:  0.04445531591773033
Epoch: 3, Loss:  0.054495371878147125
Epoch: 3, Loss:  0.05695201829075813
Epoch: 3, Loss:  0.051949091255664825
Epoch: 3, Loss:  0.05096004903316498
Epoch: 3, Loss:  0.0394560880959034
Epoch: 3, Loss:  0.03824415057897568
Epoch: 3, Loss:  0.043757114559412
Epoch: 3, Loss:  0.05029922351241112
Epoch: 3, Loss:  0.04800253361463547
Epoch: 3, Loss:  0.041599027812480927
Epoch: 3, Loss:  0.03555255010724068
Hamming Score = 0.2960871168804613
Accuracy Score = 0.13679671743514848
F1 Score (Micro) = 0.3882027668003739
F1 Score (Macro) = 0.24140511047888097
Hamming Loss = 0.01734370127583012

[tune-metric]: {"epoch": 3, "val_acc": 0.3882027668003739, "st_worker_timestamp": 1667740219.2772083, "st_worker_time": 8749.975054359995, "st_worker_iter": 2}
Epoch: 4, Loss:  0.047388285398483276
Epoch: 4, Loss:  0.0389196053147316
Epoch: 4, Loss:  0.03316501900553703
Epoch: 4, Loss:  0.04239892587065697
Epoch: 4, Loss:  0.04045604169368744
Epoch: 4, Loss:  0.047111038118600845
Epoch: 4, Loss:  0.041155099868774414
Epoch: 4, Loss:  0.05204412341117859
Epoch: 4, Loss:  0.029097842052578926
Epoch: 4, Loss:  0.04982135444879532
Epoch: 4, Loss:  0.03538047894835472
Epoch: 4, Loss:  0.050070151686668396
Epoch: 4, Loss:  0.04944676533341408
Epoch: 4, Loss:  0.0393560454249382
Hamming Score = 0.3053424457059967
Accuracy Score = 0.14145629042353433
F1 Score (Micro) = 0.4002668965483653
F1 Score (Macro) = 0.27323765851253856
Hamming Loss = 0.017265742604021545

[tune-metric]: {"epoch": 4, "val_acc": 0.4002668965483653, "st_worker_timestamp": 1667743103.6261635, "st_worker_time": 11634.324008398922, "st_worker_iter": 3}
Epoch: 5, Loss:  0.02740045264363289
Epoch: 5, Loss:  0.03490398824214935
Epoch: 5, Loss:  0.05595748499035835
Epoch: 5, Loss:  0.033371102064847946
Epoch: 5, Loss:  0.0375668928027153
Epoch: 5, Loss:  0.037035297602415085
Epoch: 5, Loss:  0.04219714552164078
Epoch: 5, Loss:  0.061679065227508545
Epoch: 5, Loss:  0.04005488380789757
Epoch: 5, Loss:  0.033316005021333694
Epoch: 5, Loss:  0.031654201447963715
Epoch: 5, Loss:  0.030174734070897102
Epoch: 5, Loss:  0.030167095363140106
Epoch: 5, Loss:  0.047211654484272
Hamming Score = 0.3311291794013993
Accuracy Score = 0.14933235969121636
F1 Score (Micro) = 0.4272506841089624
F1 Score (Macro) = 0.30548624993376267
Hamming Loss = 0.017520370208345952

[tune-metric]: {"epoch": 5, "val_acc": 0.4272506841089624, "st_worker_timestamp": 1667745992.3462543, "st_worker_time": 14523.044100224972, "st_worker_iter": 4}
Epoch: 6, Loss:  0.03410353884100914
Epoch: 6, Loss:  0.04061272740364075
Epoch: 6, Loss:  0.06064271181821823
Epoch: 6, Loss:  0.032783955335617065
Epoch: 6, Loss:  0.040652208030223846
Epoch: 6, Loss:  0.036078955978155136
Epoch: 6, Loss:  0.03456411883234978
Epoch: 6, Loss:  0.03161025419831276
Epoch: 6, Loss:  0.035851895809173584
Epoch: 6, Loss:  0.038805484771728516
Epoch: 6, Loss:  0.025047022849321365
Epoch: 6, Loss:  0.02387871965765953
Epoch: 6, Loss:  0.04047633334994316
Epoch: 6, Loss:  0.038430869579315186
Hamming Score = 0.3444171700887223
Accuracy Score = 0.1503755476736908
F1 Score (Micro) = 0.439882158787969
F1 Score (Macro) = 0.3309489232395321
Hamming Loss = 0.01794101052385984

[tune-metric]: {"epoch": 6, "val_acc": 0.439882158787969, "st_worker_timestamp": 1667748877.0427022, "st_worker_time": 17407.74054615898, "st_worker_iter": 5}
Epoch: 7, Loss:  0.034494709223508835
Epoch: 7, Loss:  0.030395522713661194
Epoch: 7, Loss:  0.02466742880642414
Epoch: 7, Loss:  0.04007222130894661
Epoch: 7, Loss:  0.029244737699627876
Epoch: 7, Loss:  0.033779650926589966
Epoch: 7, Loss:  0.024463124573230743
Epoch: 7, Loss:  0.025650735944509506
Epoch: 7, Loss:  0.02712426334619522
Epoch: 7, Loss:  0.04141142591834068
Epoch: 7, Loss:  0.02631620690226555
Epoch: 7, Loss:  0.04782504588365555
Epoch: 7, Loss:  0.028639692813158035
Epoch: 7, Loss:  0.03159302473068237
Hamming Score = 0.3362557964151434
Accuracy Score = 0.147019959663398
F1 Score (Micro) = 0.43182048001547585
F1 Score (Macro) = 0.3408307014986423
Hamming Loss = 0.01812020329826876

[tune-metric]: {"epoch": 7, "val_acc": 0.43182048001547585, "st_worker_timestamp": 1667751760.2819383, "st_worker_time": 20290.979783591, "st_worker_iter": 6}
Epoch: 8, Loss:  0.029734833166003227
Epoch: 8, Loss:  0.02718128077685833
Epoch: 8, Loss:  0.024566415697336197
Epoch: 8, Loss:  0.027204710990190506
Epoch: 8, Loss:  0.02768266387283802
Epoch: 8, Loss:  0.029151182621717453
Epoch: 8, Loss:  0.023227768018841743
Epoch: 8, Loss:  0.04467311501502991
Epoch: 8, Loss:  0.028581535443663597
Epoch: 8, Loss:  0.03246230632066727
Epoch: 8, Loss:  0.024043956771492958
Epoch: 8, Loss:  0.03760947659611702
Epoch: 8, Loss:  0.037360355257987976
Epoch: 8, Loss:  0.02680843695998192
Hamming Score = 0.33641634477097654
Accuracy Score = 0.1454725641560609
F1 Score (Micro) = 0.4315540006771244
F1 Score (Macro) = 0.3399618524078968
Hamming Loss = 0.01836263233344326

[tune-metric]: {"epoch": 8, "val_acc": 0.4315540006771244, "st_worker_timestamp": 1667754643.249581, "st_worker_time": 23173.947426471976, "st_worker_iter": 7}
