loading dataset...
dataset loaded!
sampling dataset...
dataset sampled!
FULL Dataset: (287580, 2)
TRAIN Dataset: (230064, 2)
TEST Dataset: (57516, 2)
Starting Training!
Epoch: 1, Loss:  0.6957052946090698
Epoch: 1, Loss:  0.07459889352321625
Epoch: 1, Loss:  0.06010701507329941
Epoch: 1, Loss:  0.055167559534311295
Hamming Score = 0.14855350616225851
Accuracy Score = 0.07295361290771264
F1 Score (Micro) = 0.21336239888799757
F1 Score (Macro) = 0.08383742139405793
Hamming Loss = 0.0180125193774972

[tune-metric]: {"epoch": 1, "val_acc": 0.21336239888799757, "st_worker_timestamp": 1667678488.6967547, "st_worker_time": 830.1041964720935, "st_worker_iter": 0}
Epoch: 2, Loss:  0.0549633614718914
Epoch: 2, Loss:  0.052121568471193314
Epoch: 2, Loss:  0.055311910808086395
Epoch: 2, Loss:  0.04759976640343666
Hamming Score = 0.2647210959424083
Accuracy Score = 0.12048821197579804
F1 Score (Micro) = 0.3563681056998003
F1 Score (Macro) = 0.20372313380097576
Hamming Loss = 0.017622305378138817

[tune-metric]: {"epoch": 2, "val_acc": 0.3563681056998003, "st_worker_timestamp": 1667679211.6986332, "st_worker_time": 1553.1060699720401, "st_worker_iter": 1}
Epoch: 3, Loss:  0.05051450803875923
Epoch: 3, Loss:  0.04796595498919487
Epoch: 3, Loss:  0.04350428655743599
Epoch: 3, Loss:  0.05339629203081131
Hamming Score = 0.2820259351828828
Accuracy Score = 0.12999860908269004
F1 Score (Micro) = 0.37446945144038285
F1 Score (Macro) = 0.23539335743528708
Hamming Loss = 0.017482091939634188

[tune-metric]: {"epoch": 3, "val_acc": 0.37446945144038285, "st_worker_timestamp": 1667679931.8428023, "st_worker_time": 2273.2502392240567, "st_worker_iter": 2}
Epoch: 4, Loss:  0.049911972135305405
Epoch: 4, Loss:  0.049423038959503174
Epoch: 4, Loss:  0.04862150177359581
Epoch: 4, Loss:  0.03651554137468338
Hamming Score = 0.2870866675920921
Accuracy Score = 0.13165032338827456
F1 Score (Micro) = 0.3810947002606429
F1 Score (Macro) = 0.2608323926526563
Hamming Loss = 0.017479427884302602

[tune-metric]: {"epoch": 4, "val_acc": 0.3810947002606429, "st_worker_timestamp": 1667680650.7824914, "st_worker_time": 2992.1899324000115, "st_worker_iter": 3}
Epoch: 5, Loss:  0.03784668818116188
Epoch: 5, Loss:  0.03959847241640091
Epoch: 5, Loss:  0.038682445883750916
Epoch: 5, Loss:  0.034001197665929794
Hamming Score = 0.3146388448717366
Accuracy Score = 0.13669239863690102
F1 Score (Micro) = 0.4147525309593628
F1 Score (Macro) = 0.3052568445650358
Hamming Loss = 0.01793764540133573

[tune-metric]: {"epoch": 5, "val_acc": 0.4147525309593628, "st_worker_timestamp": 1667681373.9131675, "st_worker_time": 3715.3206053350586, "st_worker_iter": 4}
Epoch: 6, Loss:  0.03468426689505577
Epoch: 6, Loss:  0.03705297037959099
Epoch: 6, Loss:  0.03584424406290054
Epoch: 6, Loss:  0.03653360530734062
Hamming Score = 0.318228809213057
Accuracy Score = 0.1399262813825718
F1 Score (Micro) = 0.41363244726680926
F1 Score (Macro) = 0.3200167336543639
Hamming Loss = 0.01803495352765794

[tune-metric]: {"epoch": 6, "val_acc": 0.41363244726680926, "st_worker_timestamp": 1667682093.8199942, "st_worker_time": 4435.227433815016, "st_worker_iter": 5}
Epoch: 7, Loss:  0.03350810706615448
Epoch: 7, Loss:  0.029054980725049973
Epoch: 7, Loss:  0.028436793014407158
Epoch: 7, Loss:  0.03461253270506859
Hamming Score = 0.3248631661551545
Accuracy Score = 0.13571875651992488
F1 Score (Micro) = 0.42337223185728107
F1 Score (Macro) = 0.3305203057756021
Hamming Loss = 0.018554163890440584

[tune-metric]: {"epoch": 7, "val_acc": 0.42337223185728107, "st_worker_timestamp": 1667682815.5928705, "st_worker_time": 5157.000305633992, "st_worker_iter": 6}
Epoch: 8, Loss:  0.02410167083144188
Epoch: 8, Loss:  0.028890302404761314
Epoch: 8, Loss:  0.03271622210741043
Epoch: 8, Loss:  0.031147057190537453
Hamming Score = 0.32577676740387984
Accuracy Score = 0.13695319563251965
F1 Score (Micro) = 0.42253169783405303
F1 Score (Macro) = 0.33768752596286195
Hamming Loss = 0.018825897534262555

[tune-metric]: {"epoch": 8, "val_acc": 0.42253169783405303, "st_worker_timestamp": 1667683536.6516314, "st_worker_time": 5878.059067600989, "st_worker_iter": 7}
