loading dataset...
dataset loaded!
sampling dataset...
dataset sampled!
FULL Dataset: (287580, 2)
TRAIN Dataset: (230064, 2)
TEST Dataset: (57516, 2)
Starting Training!
Epoch: 1, Loss:  0.8254774212837219
Epoch: 1, Loss:  0.1089746281504631
Epoch: 1, Loss:  0.08144048601388931
Epoch: 1, Loss:  0.0986478254199028
Epoch: 1, Loss:  0.1036362424492836
Epoch: 1, Loss:  0.07790326327085495
Epoch: 1, Loss:  0.0962747260928154
Epoch: 1, Loss:  0.07398929446935654
Epoch: 1, Loss:  0.07160632312297821
Epoch: 1, Loss:  0.07515567541122437
Epoch: 1, Loss:  0.05307227745652199
Epoch: 1, Loss:  0.056223269551992416
Epoch: 1, Loss:  0.07487387955188751
Epoch: 1, Loss:  0.06938256323337555
Epoch: 1, Loss:  0.07197155058383942
Epoch: 1, Loss:  0.06194741651415825
Epoch: 1, Loss:  0.07064598798751831
Epoch: 1, Loss:  0.06905632466077805
Epoch: 1, Loss:  0.09717577695846558
Epoch: 1, Loss:  0.0628812313079834
Epoch: 1, Loss:  0.09071115404367447
Hamming Score = 0.11013902386607373
Accuracy Score = 0.05541066833576744
F1 Score (Micro) = 0.15746689308289805
F1 Score (Macro) = 0.04010922001619149
Hamming Loss = 0.018296311377030573

[tune-metric]: {"epoch": 1, "val_acc": 0.15746689308289805, "st_worker_timestamp": 1667649176.940472, "st_worker_time": 4401.547326733009, "st_worker_iter": 0}
Epoch: 2, Loss:  0.05136432871222496
Epoch: 2, Loss:  0.05844082683324814
Epoch: 2, Loss:  0.05692967027425766
Epoch: 2, Loss:  0.056092310696840286
Epoch: 2, Loss:  0.05707123875617981
Epoch: 2, Loss:  0.06690090894699097
Epoch: 2, Loss:  0.051931511610746384
Epoch: 2, Loss:  0.09119559824466705
Epoch: 2, Loss:  0.07217666506767273
Epoch: 2, Loss:  0.08411893248558044
Epoch: 2, Loss:  0.051685065031051636
Epoch: 2, Loss:  0.07399018108844757
Epoch: 2, Loss:  0.04802006855607033
Epoch: 2, Loss:  0.05866757035255432
Epoch: 2, Loss:  0.04754602909088135
Epoch: 2, Loss:  0.05742510408163071
Epoch: 2, Loss:  0.0840224176645279
Epoch: 2, Loss:  0.05658523738384247
Epoch: 2, Loss:  0.04264077916741371
Epoch: 2, Loss:  0.0662359967827797
Epoch: 2, Loss:  0.0646548643708229
Hamming Score = 0.14385636227254212
Accuracy Score = 0.07133667153487726
F1 Score (Micro) = 0.20392639409362942
F1 Score (Macro) = 0.07548252218612017
Hamming Loss = 0.017960920832127497

[tune-metric]: {"epoch": 2, "val_acc": 0.20392639409362942, "st_worker_timestamp": 1667653459.1887448, "st_worker_time": 8683.795597317046, "st_worker_iter": 1}
Epoch: 3, Loss:  0.044747527688741684
Epoch: 3, Loss:  0.07257530838251114
Epoch: 3, Loss:  0.07032422721385956
Epoch: 3, Loss:  0.050742655992507935
Epoch: 3, Loss:  0.05990319326519966
Epoch: 3, Loss:  0.04661807417869568
Epoch: 3, Loss:  0.051785632967948914
Epoch: 3, Loss:  0.07698279619216919
Epoch: 3, Loss:  0.055995989590883255
Epoch: 3, Loss:  0.06675122678279877
Epoch: 3, Loss:  0.06162607669830322
Epoch: 3, Loss:  0.077968068420887
Epoch: 3, Loss:  0.046804171055555344
Epoch: 3, Loss:  0.07718722522258759
Epoch: 3, Loss:  0.0488663949072361
Epoch: 3, Loss:  0.05430646613240242
Epoch: 3, Loss:  0.04882606491446495
Epoch: 3, Loss:  0.06389295309782028
Epoch: 3, Loss:  0.06533702462911606
Epoch: 3, Loss:  0.04873206466436386
Epoch: 3, Loss:  0.05525270849466324
Hamming Score = 0.17386609544183093
Accuracy Score = 0.08639335141525836
F1 Score (Micro) = 0.24724906707492106
F1 Score (Macro) = 0.10282662269624013
Hamming Loss = 0.017648945931454697

[tune-metric]: {"epoch": 3, "val_acc": 0.24724906707492106, "st_worker_timestamp": 1667657757.1803856, "st_worker_time": 12981.78724562109, "st_worker_iter": 2}
